c:\users\ssong\source\repos\mfcapplication5\mfcapplication5\debug\vc142.pdb
c:\users\ssong\source\repos\mfcapplication5\mfcapplication5\debug\vc142.idb
c:\users\ssong\source\repos\mfcapplication5\mfcapplication5\debug\mainfrm.obj
c:\users\ssong\source\repos\mfcapplication5\mfcapplication5\debug\mfcapplication5view.obj
c:\users\ssong\source\repos\mfcapplication5\mfcapplication5\debug\mfcapplication5doc.obj
c:\users\ssong\source\repos\mfcapplication5\mfcapplication5\debug\mfcapplication5.obj
c:\users\ssong\source\repos\mfcapplication5\mfcapplication5\debug\mfcapplication5.pch
c:\users\ssong\source\repos\mfcapplication5\mfcapplication5\debug\pch.obj
c:\users\ssong\source\repos\mfcapplication5\mfcapplication5\debug\cworm.obj
c:\users\ssong\source\repos\mfcapplication5\mfcapplication5\debug\ccoin.obj
c:\users\ssong\source\repos\mfcapplication5\debug\mfcapplication5.exe
c:\users\ssong\source\repos\mfcapplication5\debug\mfcapplication5.ilk
c:\users\ssong\source\repos\mfcapplication5\debug\mfcapplication5.pdb
c:\users\ssong\source\repos\mfcapplication5\mfcapplication5\debug\mfcapplication5.res
c:\users\ssong\source\repos\mfcapplication5\mfcapplication5\debug\mfcapplication5.tlog\cl.command.1.tlog
c:\users\ssong\source\repos\mfcapplication5\mfcapplication5\debug\mfcapplication5.tlog\cl.read.1.tlog
c:\users\ssong\source\repos\mfcapplication5\mfcapplication5\debug\mfcapplication5.tlog\cl.write.1.tlog
c:\users\ssong\source\repos\mfcapplication5\mfcapplication5\debug\mfcapplication5.tlog\link.command.1.tlog
c:\users\ssong\source\repos\mfcapplication5\mfcapplication5\debug\mfcapplication5.tlog\link.read.1.tlog
c:\users\ssong\source\repos\mfcapplication5\mfcapplication5\debug\mfcapplication5.tlog\link.write.1.tlog
c:\users\ssong\source\repos\mfcapplication5\mfcapplication5\debug\mfcapplication5.tlog\rc.command.1.tlog
c:\users\ssong\source\repos\mfcapplication5\mfcapplication5\debug\mfcapplication5.tlog\rc.read.1.tlog
c:\users\ssong\source\repos\mfcapplication5\mfcapplication5\debug\mfcapplication5.tlog\rc.write.1.tlog
